#
# There is insufficient memory for the Java Runtime Environment to continue.
# Native memory allocation (malloc) failed to allocate 1048576 bytes for AllocateHeap
# Possible reasons:
#   The system is out of physical RAM or swap space
#   The process is running with CompressedOops enabled, and the Java Heap may be blocking the growth of the native heap
# Possible solutions:
#   Reduce memory load on the system
#   Increase physical memory or swap space
#   Check if swap backing store is full
#   Decrease Java heap size (-Xmx/-Xms)
#   Decrease number of Java threads
#   Decrease Java thread stack sizes (-Xss)
#   Set larger code cache with -XX:ReservedCodeCacheSize=
#   JVM is running with Zero Based Compressed Oops mode in which the Java heap is
#     placed in the first 32GB address space. The Java Heap base address is the
#     maximum limit for the native heap growth. Please use -XX:HeapBaseMinAddress
#     to set the Java Heap base and to place the Java Heap above 32GB virtual address.
# This output file may be truncated or incomplete.
#
#  Out of Memory Error (memory/allocation.inline.hpp:61), pid=1924, tid=0x0000000000002ee8
#
# JRE version:  (8.0_202-b03) (build )
# Java VM: OpenJDK 64-Bit Server VM (25.202-b03 mixed mode windows-amd64 compressed oops)
# Failed to write core dump. Minidumps are not enabled by default on client versions of Windows
#

---------------  T H R E A D  ---------------

Current thread (0x000000000288e800):  JavaThread "Unknown thread" [_thread_in_vm, id=12008, stack(0x0000000000ea0000,0x0000000000fa0000)]

Stack: [0x0000000000ea0000,0x0000000000fa0000]
[error occurred during error reporting (printing stack bounds), id 0xc0000005]

Native frames: (J=compiled Java code, j=interpreted, Vv=VM code, C=native code)


---------------  P R O C E S S  ---------------

Java Threads: ( => current thread )

Other Threads:

=>0x000000000288e800 (exited) JavaThread "Unknown thread" [_thread_in_vm, id=12008, stack(0x0000000000ea0000,0x0000000000fa0000)]

VM state:not at safepoint (normal execution)

VM Mutex/Monitor currently owned by a thread: None

heap address: 0x0000000701600000, size: 3050 MB, Compressed Oops mode: Zero based, Oop shift amount: 3
Narrow klass base: 0x0000000000000000, Narrow klass shift: 3
Compressed class space size: 1073741824 Address: 0x00000007c0000000

Heap:
 PSYoungGen      total 57344K, used 983K [0x0000000780780000, 0x0000000784780000, 0x00000007c0000000)
  eden space 49152K, 2% used [0x0000000780780000,0x0000000780875c38,0x0000000783780000)
  from space 8192K, 0% used [0x0000000783f80000,0x0000000783f80000,0x0000000784780000)
  to   space 8192K, 0% used [0x0000000783780000,0x0000000783780000,0x0000000783f80000)
 ParOldGen       total 131072K, used 0K [0x0000000701600000, 0x0000000709600000, 0x0000000780780000)
  object space 131072K, 0% used [0x0000000701600000,0x0000000701600000,0x0000000709600000)
 Metaspace       used 778K, capacity 4480K, committed 4480K, reserved 1056768K
  class space    used 74K, capacity 384K, committed 384K, reserved 1048576K

Card table byte_map: [0x0000000011d50000,0x0000000012350000] byte_map_base: 0x000000000e545000

Marking Bits: (ParMarkBitMap*) 0x00000000680c9f30
 Begin Bits: [0x0000000012b50000, 0x0000000015af8000)
 End Bits:   [0x0000000015af8000, 0x0000000018aa0000)

Polling page: 0x0000000000bf0000

CodeCache: size=245760Kb used=328Kb max_used=328Kb free=245431Kb
 bounds [0x0000000002990000, 0x0000000002c00000, 0x0000000011990000]
 total_blobs=57 nmethods=0 adapters=38
 compilation: enabled

Compilation events (0 events):
No events

GC Heap History (0 events):
No events

Deoptimization events (0 events):
No events

Classes redefined (0 events):
No events

Internal exceptions (0 events):
No events

Events (10 events):
Event: 0.050 loading class java/lang/Short
Event: 0.050 loading class java/lang/Short done
Event: 0.050 loading class java/lang/Integer
Event: 0.050 loading class java/lang/Integer done
Event: 0.050 loading class java/lang/Long
Event: 0.050 loading class java/lang/Long done
Event: 0.052 loading class java/lang/NullPointerException
Event: 0.052 loading class java/lang/NullPointerException done
Event: 0.052 loading class java/lang/ArithmeticException
Event: 0.052 loading class java/lang/ArithmeticException done


Dynamic libraries:
0x00007ff694bf0000 - 0x00007ff694c21000 	C:\Program Files\Android\Android Studio\jre\bin\java.EXE
0x00007ffaefbc0000 - 0x00007ffaefdb0000 	C:\Windows\SYSTEM32\ntdll.dll
0x00007ffaeed10000 - 0x00007ffaeedc2000 	C:\Windows\System32\KERNEL32.DLL
0x00007ffaed540000 - 0x00007ffaed7e3000 	C:\Windows\System32\KERNELBASE.dll
0x00007ffaef540000 - 0x00007ffaef5e3000 	C:\Windows\System32\ADVAPI32.dll
0x00007ffaef1f0000 - 0x00007ffaef28e000 	C:\Windows\System32\msvcrt.dll
0x00007ffaef870000 - 0x00007ffaef907000 	C:\Windows\System32\sechost.dll
0x00007ffaef290000 - 0x00007ffaef3b0000 	C:\Windows\System32\RPCRT4.dll
0x00007ffaeedd0000 - 0x00007ffaeef64000 	C:\Windows\System32\USER32.dll
0x00007ffaeda70000 - 0x00007ffaeda91000 	C:\Windows\System32\win32u.dll
0x00007ffaef3b0000 - 0x00007ffaef3d6000 	C:\Windows\System32\GDI32.dll
0x00007ffaecb50000 - 0x00007ffaecce4000 	C:\Windows\System32\gdi32full.dll
0x00007ffaedbd0000 - 0x00007ffaedc6e000 	C:\Windows\System32\msvcp_win.dll
0x00007ffaedaa0000 - 0x00007ffaedb9a000 	C:\Windows\System32\ucrtbase.dll
0x00007ffae3ed0000 - 0x00007ffae4155000 	C:\Windows\WinSxS\amd64_microsoft.windows.common-controls_6595b64144ccf1df_6.0.18362.592_none_e6c0b1911312be02\COMCTL32.dll
0x00007ffaee8c0000 - 0x00007ffaeebf6000 	C:\Windows\System32\combase.dll
0x00007ffaed4c0000 - 0x00007ffaed540000 	C:\Windows\System32\bcryptPrimitives.dll
0x00007ffaeef70000 - 0x00007ffaeef9e000 	C:\Windows\System32\IMM32.DLL
0x0000000068150000 - 0x0000000068222000 	C:\Program Files\Android\Android Studio\jre\jre\bin\msvcr100.dll
0x0000000067900000 - 0x0000000068146000 	C:\Program Files\Android\Android Studio\jre\jre\bin\server\jvm.dll
0x00007ffaef6b0000 - 0x00007ffaef6b8000 	C:\Windows\System32\PSAPI.DLL
0x00007ffae0ae0000 - 0x00007ffae0ae9000 	C:\Windows\SYSTEM32\WSOCK32.dll
0x00007ffaeefa0000 - 0x00007ffaef00f000 	C:\Windows\System32\WS2_32.dll
0x00007ffae48a0000 - 0x00007ffae48c4000 	C:\Windows\SYSTEM32\WINMM.dll
0x00007ffae8080000 - 0x00007ffae808a000 	C:\Windows\SYSTEM32\VERSION.dll
0x00007ffae4870000 - 0x00007ffae489d000 	C:\Windows\SYSTEM32\WINMMBASE.dll
0x00007ffaed470000 - 0x00007ffaed4ba000 	C:\Windows\System32\cfgmgr32.dll
0x00007ffae9040000 - 0x00007ffae904f000 	C:\Program Files\Android\Android Studio\jre\jre\bin\verify.dll
0x00007ffae7760000 - 0x00007ffae7789000 	C:\Program Files\Android\Android Studio\jre\jre\bin\java.dll
0x00007ffae7740000 - 0x00007ffae7756000 	C:\Program Files\Android\Android Studio\jre\jre\bin\zip.dll

VM Arguments:
java_command: <unknown>
java_class_path (initial): .
Launcher Type: SUN_STANDARD

Environment Variables:
JAVA_HOME=C:\Program Files\Java\jdk1.8.0_221
PATH=C:\Program Files (x86)\Common Files\Oracle\Java\javapath;C:\Windows\system32;C:\Windows;C:\Windows\System32\Wbem;C:\Windows\System32\WindowsPowerShell\v1.0\;C:\Windows\System32\OpenSSH\;%ANDROID_HOME%\plataform-tools;%ANDROID_HOME%\tools;C:\Program Files\Git\cmd;D:\apache-maven-3.6.2\bin;C:\Users\niciu\AppData\Local\Programs\Python\Python37-32\Scripts\;C:\Users\niciu\AppData\Local\Programs\Python\Python37-32\;C:\Users\niciu\AppData\Local\Microsoft\WindowsApps;C:\Program Files\Java\jdk1.8.0_221;C:\Users\niciu\AppData\Local\Android\Sdk;C:\flutter\flutter\bin;C:\Users\niciu\AppData\Local\Programs\Microsoft VS Code\bin;C:\Program Files\JetBrains\IntelliJ IDEA 2019.2.4\bin;;D:\apache-maven-3.6.2\bin;;C:\flutter\flutter\bin\mingit\cmd
USERNAME=niciu
OS=Windows_NT
PROCESSOR_IDENTIFIER=Intel64 Family 6 Model 61 Stepping 4, GenuineIntel



---------------  S Y S T E M  ---------------

OS: Windows 10.0 , 64 bit Build 18362 (10.0.18362.329)

CPU:total 4 (initial active 4) (2 cores per cpu, 2 threads per core) family 6 model 61 stepping 4, cmov, cx8, fxsr, mmx, sse, sse2, sse3, ssse3, sse4.1, sse4.2, popcnt, avx, avx2, aes, clmul, erms, 3dnowpref, lzcnt, ht, tsc, tscinvbit, bmi1, bmi2, adx

Memory: 4k page, physical 12491188k(1139796k free), swap 14969268k(7304k free)

vm_info: OpenJDK 64-Bit Server VM (25.202-b03) for windows-amd64 JRE (1.8.0_202-release-1483-b03), built by "builder" with MS VC++ 10.0 (VS2010)

time: Mon Feb 03 12:06:22 2020
timezone: Hora oficial do Brasil
elapsed time: 0 seconds (0d 0h 0m 0s)

